<?xml version="1.0" encoding="UTF-8"?>
<testsuite name="com.springboot.study.web.HelloControllerTest" tests="2" skipped="0" failures="0" errors="0" timestamp="2021-02-03T12:51:34" hostname="DESKTOP-33IBR2V" time="0.151">
  <properties/>
  <testcase name="hello가_리턴된다()" classname="com.springboot.study.web.HelloControllerTest" time="0.044"/>
  <testcase name="helloDto가_리턴된다()" classname="com.springboot.study.web.HelloControllerTest" time="0.106"/>
  <system-out><![CDATA[2021-02-03 21:51:32.747  INFO 21752 --- [    Test worker] .b.t.a.w.s.WebMvcTestContextBootstrapper : Neither @ContextConfiguration nor @ContextHierarchy found for test class [com.springboot.study.web.HelloControllerTest], using SpringBootContextLoader
2021-02-03 21:51:32.751  INFO 21752 --- [    Test worker] o.s.t.c.support.AbstractContextLoader    : Could not detect default resource locations for test class [com.springboot.study.web.HelloControllerTest]: no resource found for suffixes {-context.xml, Context.groovy}.
2021-02-03 21:51:32.752  INFO 21752 --- [    Test worker] t.c.s.AnnotationConfigContextLoaderUtils : Could not detect default configuration classes for test class [com.springboot.study.web.HelloControllerTest]: HelloControllerTest does not declare any static, non-private, non-final, nested classes annotated with @Configuration.
2021-02-03 21:51:32.774  INFO 21752 --- [    Test worker] .b.t.c.SpringBootTestContextBootstrapper : Found @SpringBootConfiguration com.springboot.study.Application for test class com.springboot.study.web.HelloControllerTest
2021-02-03 21:51:32.778  INFO 21752 --- [    Test worker] .b.t.a.w.s.WebMvcTestContextBootstrapper : Loaded default TestExecutionListener class names from location [META-INF/spring.factories]: [org.springframework.security.test.context.support.WithSecurityContextTestExecutionListener, org.springframework.security.test.context.support.ReactorContextTestExecutionListener, org.springframework.boot.test.autoconfigure.restdocs.RestDocsTestExecutionListener, org.springframework.boot.test.autoconfigure.web.client.MockRestServiceServerResetTestExecutionListener, org.springframework.boot.test.autoconfigure.web.servlet.MockMvcPrintOnlyOnFailureTestExecutionListener, org.springframework.boot.test.autoconfigure.web.servlet.WebDriverTestExecutionListener, org.springframework.boot.test.autoconfigure.webservices.client.MockWebServiceServerTestExecutionListener, org.springframework.boot.test.mock.mockito.MockitoTestExecutionListener, org.springframework.boot.test.mock.mockito.ResetMocksTestExecutionListener, org.springframework.test.context.web.ServletTestExecutionListener, org.springframework.test.context.support.DirtiesContextBeforeModesTestExecutionListener, org.springframework.test.context.support.DependencyInjectionTestExecutionListener, org.springframework.test.context.support.DirtiesContextTestExecutionListener, org.springframework.test.context.transaction.TransactionalTestExecutionListener, org.springframework.test.context.jdbc.SqlScriptsTestExecutionListener, org.springframework.test.context.event.EventPublishingTestExecutionListener]
2021-02-03 21:51:32.780  INFO 21752 --- [    Test worker] .b.t.a.w.s.WebMvcTestContextBootstrapper : Using TestExecutionListeners: [org.springframework.test.context.web.ServletTestExecutionListener@400954f, org.springframework.test.context.support.DirtiesContextBeforeModesTestExecutionListener@49bd27f0, org.springframework.boot.test.mock.mockito.MockitoTestExecutionListener@5441fdc6, org.springframework.boot.test.autoconfigure.SpringBootDependencyInjectionTestExecutionListener@6f92da15, org.springframework.test.context.support.DirtiesContextTestExecutionListener@6f388045, org.springframework.test.context.transaction.TransactionalTestExecutionListener@4f9ab8f5, org.springframework.test.context.jdbc.SqlScriptsTestExecutionListener@146ec30d, org.springframework.security.test.context.support.WithSecurityContextTestExecutionListener@6d55e1e7, org.springframework.test.context.event.EventPublishingTestExecutionListener@46446ea0, org.springframework.security.test.context.support.ReactorContextTestExecutionListener@5c033b8d, org.springframework.boot.test.autoconfigure.restdocs.RestDocsTestExecutionListener@3e97fdab, org.springframework.boot.test.autoconfigure.web.client.MockRestServiceServerResetTestExecutionListener@7c8f7947, org.springframework.boot.test.autoconfigure.web.servlet.MockMvcPrintOnlyOnFailureTestExecutionListener@195b2918, org.springframework.boot.test.autoconfigure.web.servlet.WebDriverTestExecutionListener@5c41b6ed, org.springframework.boot.test.autoconfigure.webservices.client.MockWebServiceServerTestExecutionListener@5dba626b, org.springframework.boot.test.mock.mockito.ResetMocksTestExecutionListener@5af87dda]

  .   ____          _            __ _ _
 /\\ / ___'_ __ _ _(_)_ __  __ _ \ \ \ \
( ( )\___ | '_ | '_| | '_ \/ _` | \ \ \ \
 \\/  ___)| |_)| | | | | || (_| |  ) ) ) )
  '  |____| .__|_| |_|_| |_\__, | / / / /
 =========|_|==============|___/=/_/_/_/
 :: Spring Boot ::                (v2.4.1)

2021-02-03 21:51:32.887  INFO 21752 --- [    Test worker] c.s.study.web.HelloControllerTest        : Starting HelloControllerTest using Java 14.0.2 on DESKTOP-33IBR2V with PID 21752 (started by 임상혁 in C:\WebService)
2021-02-03 21:51:32.890  INFO 21752 --- [    Test worker] c.s.study.web.HelloControllerTest        : No active profile set, falling back to default profiles: default
2021-02-03 21:51:33.680  INFO 21752 --- [    Test worker] o.s.s.concurrent.ThreadPoolTaskExecutor  : Initializing ExecutorService 'applicationTaskExecutor'
2021-02-03 21:51:33.828  INFO 21752 --- [    Test worker] o.s.b.a.w.s.WelcomePageHandlerMapping    : Adding welcome page template: index
2021-02-03 21:51:34.328  INFO 21752 --- [    Test worker] o.s.s.web.DefaultSecurityFilterChain     : Will secure any request with [org.springframework.security.web.context.request.async.WebAsyncManagerIntegrationFilter@440dabfc, org.springframework.security.web.context.SecurityContextPersistenceFilter@cc30662, org.springframework.security.web.header.HeaderWriterFilter@5da95922, org.springframework.security.web.csrf.CsrfFilter@2ceb46b1, org.springframework.security.web.authentication.logout.LogoutFilter@6616ee6b, org.springframework.security.oauth2.client.web.OAuth2AuthorizationRequestRedirectFilter@233beaee, org.springframework.security.oauth2.client.web.OAuth2AuthorizationRequestRedirectFilter@54ccd240, org.springframework.security.oauth2.client.web.OAuth2LoginAuthenticationFilter@571bb1f8, org.springframework.security.web.authentication.ui.DefaultLoginPageGeneratingFilter@5d30a401, org.springframework.security.web.authentication.ui.DefaultLogoutPageGeneratingFilter@75a07c2b, org.springframework.security.web.savedrequest.RequestCacheAwareFilter@2d02c3f3, org.springframework.security.web.servletapi.SecurityContextHolderAwareRequestFilter@3af5ef38, org.springframework.security.web.authentication.AnonymousAuthenticationFilter@39f442e3, org.springframework.security.oauth2.client.web.OAuth2AuthorizationCodeGrantFilter@e3283dd, org.springframework.security.web.session.SessionManagementFilter@74c78116, org.springframework.security.web.access.ExceptionTranslationFilter@2b814c2d, org.springframework.security.web.access.intercept.FilterSecurityInterceptor@23f7beac]
2021-02-03 21:51:34.430  INFO 21752 --- [    Test worker] o.s.b.t.m.w.SpringBootMockServletContext : Initializing Spring TestDispatcherServlet ''
2021-02-03 21:51:34.430  INFO 21752 --- [    Test worker] o.s.t.web.servlet.TestDispatcherServlet  : Initializing Servlet ''
2021-02-03 21:51:34.431  INFO 21752 --- [    Test worker] o.s.t.web.servlet.TestDispatcherServlet  : Completed initialization in 1 ms
2021-02-03 21:51:34.450  INFO 21752 --- [    Test worker] c.s.study.web.HelloControllerTest        : Started HelloControllerTest in 1.665 seconds (JVM running for 16.626)
]]></system-out>
  <system-err><![CDATA[]]></system-err>
</testsuite>
