<?xml version="1.0" encoding="UTF-8"?>
<testsuite name="com.springboot.study.web.dto.HelloResponseDtoTest" tests="1" skipped="0" failures="0" errors="0" timestamp="2021-02-03T12:51:32" hostname="DESKTOP-33IBR2V" time="0.005">
  <properties/>
  <testcase name="롬복_기능_테스트()" classname="com.springboot.study.web.dto.HelloResponseDtoTest" time="0.005"/>
  <system-out><![CDATA[]]></system-out>
  <system-err><![CDATA[]]></system-err>
</testsuite>
