<?xml version="1.0" encoding="UTF-8"?>
<testsuite name="com.springboot.study.web.IndexControllerTest" tests="1" skipped="0" failures="0" errors="0" timestamp="2021-02-03T12:51:29" hostname="DESKTOP-33IBR2V" time="0.714">
  <properties/>
  <testcase name="메인페이지_로딩()" classname="com.springboot.study.web.IndexControllerTest" time="0.714"/>
  <system-out><![CDATA[21:51:18.975 [Test worker] DEBUG org.springframework.test.context.BootstrapUtils - Instantiating CacheAwareContextLoaderDelegate from class [org.springframework.test.context.cache.DefaultCacheAwareContextLoaderDelegate]
21:51:18.997 [Test worker] DEBUG org.springframework.test.context.BootstrapUtils - Instantiating BootstrapContext using constructor [public org.springframework.test.context.support.DefaultBootstrapContext(java.lang.Class,org.springframework.test.context.CacheAwareContextLoaderDelegate)]
21:51:19.049 [Test worker] DEBUG org.springframework.test.context.BootstrapUtils - Instantiating TestContextBootstrapper for test class [com.springboot.study.web.IndexControllerTest] from class [org.springframework.boot.test.context.SpringBootTestContextBootstrapper]
21:51:19.070 [Test worker] INFO org.springframework.boot.test.context.SpringBootTestContextBootstrapper - Neither @ContextConfiguration nor @ContextHierarchy found for test class [com.springboot.study.web.IndexControllerTest], using SpringBootContextLoader
21:51:19.079 [Test worker] DEBUG org.springframework.test.context.support.AbstractContextLoader - Did not detect default resource location for test class [com.springboot.study.web.IndexControllerTest]: class path resource [com/springboot/study/web/IndexControllerTest-context.xml] does not exist
21:51:19.081 [Test worker] DEBUG org.springframework.test.context.support.AbstractContextLoader - Did not detect default resource location for test class [com.springboot.study.web.IndexControllerTest]: class path resource [com/springboot/study/web/IndexControllerTestContext.groovy] does not exist
21:51:19.082 [Test worker] INFO org.springframework.test.context.support.AbstractContextLoader - Could not detect default resource locations for test class [com.springboot.study.web.IndexControllerTest]: no resource found for suffixes {-context.xml, Context.groovy}.
21:51:19.083 [Test worker] INFO org.springframework.test.context.support.AnnotationConfigContextLoaderUtils - Could not detect default configuration classes for test class [com.springboot.study.web.IndexControllerTest]: IndexControllerTest does not declare any static, non-private, non-final, nested classes annotated with @Configuration.
21:51:19.156 [Test worker] DEBUG org.springframework.test.context.support.ActiveProfilesUtils - Could not find an 'annotation declaring class' for annotation type [org.springframework.test.context.ActiveProfiles] and class [com.springboot.study.web.IndexControllerTest]
21:51:19.290 [Test worker] DEBUG org.springframework.context.annotation.ClassPathScanningCandidateComponentProvider - Identified candidate component class: file [C:\WebService\build\classes\java\main\com\springboot\study\Application.class]
21:51:19.292 [Test worker] INFO org.springframework.boot.test.context.SpringBootTestContextBootstrapper - Found @SpringBootConfiguration com.springboot.study.Application for test class com.springboot.study.web.IndexControllerTest
21:51:19.489 [Test worker] DEBUG org.springframework.boot.test.context.SpringBootTestContextBootstrapper - @TestExecutionListeners is not present for class [com.springboot.study.web.IndexControllerTest]: using defaults.
21:51:19.490 [Test worker] INFO org.springframework.boot.test.context.SpringBootTestContextBootstrapper - Loaded default TestExecutionListener class names from location [META-INF/spring.factories]: [org.springframework.security.test.context.support.WithSecurityContextTestExecutionListener, org.springframework.security.test.context.support.ReactorContextTestExecutionListener, org.springframework.boot.test.autoconfigure.restdocs.RestDocsTestExecutionListener, org.springframework.boot.test.autoconfigure.web.client.MockRestServiceServerResetTestExecutionListener, org.springframework.boot.test.autoconfigure.web.servlet.MockMvcPrintOnlyOnFailureTestExecutionListener, org.springframework.boot.test.autoconfigure.web.servlet.WebDriverTestExecutionListener, org.springframework.boot.test.autoconfigure.webservices.client.MockWebServiceServerTestExecutionListener, org.springframework.boot.test.mock.mockito.MockitoTestExecutionListener, org.springframework.boot.test.mock.mockito.ResetMocksTestExecutionListener, org.springframework.test.context.web.ServletTestExecutionListener, org.springframework.test.context.support.DirtiesContextBeforeModesTestExecutionListener, org.springframework.test.context.support.DependencyInjectionTestExecutionListener, org.springframework.test.context.support.DirtiesContextTestExecutionListener, org.springframework.test.context.transaction.TransactionalTestExecutionListener, org.springframework.test.context.jdbc.SqlScriptsTestExecutionListener, org.springframework.test.context.event.EventPublishingTestExecutionListener]
21:51:19.535 [Test worker] INFO org.springframework.boot.test.context.SpringBootTestContextBootstrapper - Using TestExecutionListeners: [org.springframework.test.context.web.ServletTestExecutionListener@6630be1, org.springframework.test.context.support.DirtiesContextBeforeModesTestExecutionListener@42c84735, org.springframework.boot.test.mock.mockito.MockitoTestExecutionListener@198ba21, org.springframework.boot.test.autoconfigure.SpringBootDependencyInjectionTestExecutionListener@1b40cf95, org.springframework.test.context.support.DirtiesContextTestExecutionListener@5e2f31f, org.springframework.test.context.transaction.TransactionalTestExecutionListener@593fd79, org.springframework.test.context.jdbc.SqlScriptsTestExecutionListener@419e0658, org.springframework.security.test.context.support.WithSecurityContextTestExecutionListener@5cbf5599, org.springframework.test.context.event.EventPublishingTestExecutionListener@4e572f1a, org.springframework.security.test.context.support.ReactorContextTestExecutionListener@54b57b9c, org.springframework.boot.test.autoconfigure.restdocs.RestDocsTestExecutionListener@65a81b94, org.springframework.boot.test.autoconfigure.web.client.MockRestServiceServerResetTestExecutionListener@431d8925, org.springframework.boot.test.autoconfigure.web.servlet.MockMvcPrintOnlyOnFailureTestExecutionListener@344551a3, org.springframework.boot.test.autoconfigure.web.servlet.WebDriverTestExecutionListener@4bd3a52c, org.springframework.boot.test.autoconfigure.webservices.client.MockWebServiceServerTestExecutionListener@6e027379, org.springframework.boot.test.mock.mockito.ResetMocksTestExecutionListener@41f98b3d]
21:51:19.547 [Test worker] DEBUG org.springframework.test.context.support.AbstractDirtiesContextTestExecutionListener - Before test class: context [DefaultTestContext@d751db0 testClass = IndexControllerTest, testInstance = [null], testMethod = [null], testException = [null], mergedContextConfiguration = [WebMergedContextConfiguration@608ac003 testClass = IndexControllerTest, locations = '{}', classes = '{class com.springboot.study.Application}', contextInitializerClasses = '[]', activeProfiles = '{}', propertySourceLocations = '{}', propertySourceProperties = '{org.springframework.boot.test.context.SpringBootTestContextBootstrapper=true, server.port=0}', contextCustomizers = set[org.springframework.boot.test.autoconfigure.actuate.metrics.MetricsExportContextCustomizerFactory$DisableMetricExportContextCustomizer@6a76f747, org.springframework.boot.test.autoconfigure.properties.PropertyMappingContextCustomizer@0, org.springframework.boot.test.autoconfigure.web.servlet.WebDriverContextCustomizerFactory$Customizer@375b9983, org.springframework.boot.test.context.filter.ExcludeFilterContextCustomizer@1d1860e8, org.springframework.boot.test.json.DuplicateJsonObjectContextCustomizerFactory$DuplicateJsonObjectContextCustomizer@2c42c83a, org.springframework.boot.test.mock.mockito.MockitoContextCustomizer@0, org.springframework.boot.test.web.client.TestRestTemplateContextCustomizer@6f276b53, org.springframework.boot.test.context.SpringBootTestArgs@1, org.springframework.boot.test.context.SpringBootTestWebEnvironment@25ff5356], resourceBasePath = 'src/main/webapp', contextLoader = 'org.springframework.boot.test.context.SpringBootContextLoader', parent = [null]], attributes = map['org.springframework.test.context.web.ServletTestExecutionListener.activateListener' -> false]], class annotated with @DirtiesContext [false] with mode [null].
21:51:19.573 [Test worker] DEBUG org.springframework.test.context.support.DependencyInjectionTestExecutionListener - Performing dependency injection for test context [[DefaultTestContext@d751db0 testClass = IndexControllerTest, testInstance = com.springboot.study.web.IndexControllerTest@4a96dda9, testMethod = [null], testException = [null], mergedContextConfiguration = [WebMergedContextConfiguration@608ac003 testClass = IndexControllerTest, locations = '{}', classes = '{class com.springboot.study.Application}', contextInitializerClasses = '[]', activeProfiles = '{}', propertySourceLocations = '{}', propertySourceProperties = '{org.springframework.boot.test.context.SpringBootTestContextBootstrapper=true, server.port=0}', contextCustomizers = set[org.springframework.boot.test.autoconfigure.actuate.metrics.MetricsExportContextCustomizerFactory$DisableMetricExportContextCustomizer@6a76f747, org.springframework.boot.test.autoconfigure.properties.PropertyMappingContextCustomizer@0, org.springframework.boot.test.autoconfigure.web.servlet.WebDriverContextCustomizerFactory$Customizer@375b9983, org.springframework.boot.test.context.filter.ExcludeFilterContextCustomizer@1d1860e8, org.springframework.boot.test.json.DuplicateJsonObjectContextCustomizerFactory$DuplicateJsonObjectContextCustomizer@2c42c83a, org.springframework.boot.test.mock.mockito.MockitoContextCustomizer@0, org.springframework.boot.test.web.client.TestRestTemplateContextCustomizer@6f276b53, org.springframework.boot.test.context.SpringBootTestArgs@1, org.springframework.boot.test.context.SpringBootTestWebEnvironment@25ff5356], resourceBasePath = 'src/main/webapp', contextLoader = 'org.springframework.boot.test.context.SpringBootContextLoader', parent = [null]], attributes = map['org.springframework.test.context.web.ServletTestExecutionListener.activateListener' -> false]]].
21:51:19.617 [Test worker] DEBUG org.springframework.test.context.support.TestPropertySourceUtils - Adding inlined properties to environment: {spring.jmx.enabled=false, org.springframework.boot.test.context.SpringBootTestContextBootstrapper=true, server.port=0}

  .   ____          _            __ _ _
 /\\ / ___'_ __ _ _(_)_ __  __ _ \ \ \ \
( ( )\___ | '_ | '_| | '_ \/ _` | \ \ \ \
 \\/  ___)| |_)| | | | | || (_| |  ) ) ) )
  '  |____| .__|_| |_|_| |_\__, | / / / /
 =========|_|==============|___/=/_/_/_/
 :: Spring Boot ::                (v2.4.1)

2021-02-03 21:51:20.160  INFO 21752 --- [    Test worker] c.s.study.web.IndexControllerTest        : Starting IndexControllerTest using Java 14.0.2 on DESKTOP-33IBR2V with PID 21752 (started by 임상혁 in C:\WebService)
2021-02-03 21:51:20.163  INFO 21752 --- [    Test worker] c.s.study.web.IndexControllerTest        : No active profile set, falling back to default profiles: default
2021-02-03 21:51:21.774  INFO 21752 --- [    Test worker] .s.d.r.c.RepositoryConfigurationDelegate : Bootstrapping Spring Data JPA repositories in DEFAULT mode.
2021-02-03 21:51:21.888  INFO 21752 --- [    Test worker] .s.d.r.c.RepositoryConfigurationDelegate : Finished Spring Data repository scanning in 102 ms. Found 2 JPA repository interfaces.
2021-02-03 21:51:23.172  INFO 21752 --- [    Test worker] o.s.b.w.embedded.tomcat.TomcatWebServer  : Tomcat initialized with port(s): 0 (http)
2021-02-03 21:51:23.187  INFO 21752 --- [    Test worker] o.apache.catalina.core.StandardService   : Starting service [Tomcat]
2021-02-03 21:51:23.188  INFO 21752 --- [    Test worker] org.apache.catalina.core.StandardEngine  : Starting Servlet engine: [Apache Tomcat/9.0.41]
2021-02-03 21:51:23.413  INFO 21752 --- [    Test worker] o.a.c.c.C.[Tomcat].[localhost].[/]       : Initializing Spring embedded WebApplicationContext
2021-02-03 21:51:23.413  INFO 21752 --- [    Test worker] w.s.c.ServletWebServerApplicationContext : Root WebApplicationContext: initialization completed in 3204 ms
2021-02-03 21:51:23.526  INFO 21752 --- [    Test worker] com.zaxxer.hikari.HikariDataSource       : HikariPool-1 - Starting...
2021-02-03 21:51:23.865  INFO 21752 --- [    Test worker] com.zaxxer.hikari.HikariDataSource       : HikariPool-1 - Start completed.
2021-02-03 21:51:23.877  INFO 21752 --- [    Test worker] o.s.b.a.h2.H2ConsoleAutoConfiguration    : H2 console available at '/h2-console'. Database available at 'jdbc:h2:mem:testdb'
2021-02-03 21:51:24.412  INFO 21752 --- [    Test worker] o.hibernate.jpa.internal.util.LogHelper  : HHH000204: Processing PersistenceUnitInfo [name: default]
2021-02-03 21:51:24.538  INFO 21752 --- [    Test worker] org.hibernate.Version                    : HHH000412: Hibernate ORM core version 5.4.25.Final
2021-02-03 21:51:24.837  INFO 21752 --- [    Test worker] o.hibernate.annotations.common.Version   : HCANN000001: Hibernate Commons Annotations {5.1.2.Final}
2021-02-03 21:51:25.088  INFO 21752 --- [    Test worker] org.hibernate.dialect.Dialect            : HHH000400: Using dialect: org.hibernate.dialect.MySQL57Dialect
Hibernate: drop table if exists posts
Hibernate: drop table if exists user
Hibernate: create table posts (id bigint not null auto_increment, created_date datetime(6), modified_date datetime(6), author varchar(255), content TEXT not null, title varchar(500) not null, primary key (id)) engine=InnoDB
Hibernate: create table user (id bigint not null auto_increment, created_date datetime(6), modified_date datetime(6), email varchar(255) not null, name varchar(255) not null, picture varchar(255), role varchar(255) not null, primary key (id)) engine=InnoDB
2021-02-03 21:51:26.254  INFO 21752 --- [    Test worker] o.h.e.t.j.p.i.JtaPlatformInitiator       : HHH000490: Using JtaPlatform implementation: [org.hibernate.engine.transaction.jta.platform.internal.NoJtaPlatform]
2021-02-03 21:51:26.269  INFO 21752 --- [    Test worker] j.LocalContainerEntityManagerFactoryBean : Initialized JPA EntityManagerFactory for persistence unit 'default'
2021-02-03 21:51:27.274  WARN 21752 --- [    Test worker] JpaBaseConfiguration$JpaWebConfiguration : spring.jpa.open-in-view is enabled by default. Therefore, database queries may be performed during view rendering. Explicitly configure spring.jpa.open-in-view to disable this warning
2021-02-03 21:51:28.200  INFO 21752 --- [    Test worker] o.s.s.web.DefaultSecurityFilterChain     : Will secure any request with [org.springframework.security.web.context.request.async.WebAsyncManagerIntegrationFilter@5045a269, org.springframework.security.web.context.SecurityContextPersistenceFilter@2798ccc, org.springframework.security.web.header.HeaderWriterFilter@4ceb6092, org.springframework.security.web.authentication.logout.LogoutFilter@1ba7187d, org.springframework.security.oauth2.client.web.OAuth2AuthorizationRequestRedirectFilter@1f71365a, org.springframework.security.oauth2.client.web.OAuth2LoginAuthenticationFilter@3f8721d0, org.springframework.security.web.authentication.ui.DefaultLoginPageGeneratingFilter@5394a101, org.springframework.security.web.authentication.ui.DefaultLogoutPageGeneratingFilter@7025c8ae, org.springframework.security.web.savedrequest.RequestCacheAwareFilter@369e2a47, org.springframework.security.web.servletapi.SecurityContextHolderAwareRequestFilter@5248afd8, org.springframework.security.web.authentication.AnonymousAuthenticationFilter@65d76bdd, org.springframework.security.web.session.SessionManagementFilter@d3c3557, org.springframework.security.web.access.ExceptionTranslationFilter@6147759e, org.springframework.security.web.access.intercept.FilterSecurityInterceptor@6a55e1ec]
2021-02-03 21:51:28.668  INFO 21752 --- [    Test worker] o.s.s.concurrent.ThreadPoolTaskExecutor  : Initializing ExecutorService 'applicationTaskExecutor'
2021-02-03 21:51:28.860  INFO 21752 --- [    Test worker] o.s.b.a.w.s.WelcomePageHandlerMapping    : Adding welcome page template: index
2021-02-03 21:51:29.407  INFO 21752 --- [    Test worker] o.s.b.w.embedded.tomcat.TomcatWebServer  : Tomcat started on port(s): 49593 (http) with context path ''
2021-02-03 21:51:29.422  INFO 21752 --- [    Test worker] s.a.ScheduledAnnotationBeanPostProcessor : No TaskScheduler/ScheduledExecutorService bean found for scheduled processing
2021-02-03 21:51:29.436  INFO 21752 --- [    Test worker] c.s.study.web.IndexControllerTest        : Started IndexControllerTest in 9.816 seconds (JVM running for 11.612)
2021-02-03 21:51:29.877  INFO 21752 --- [o-auto-1-exec-1] o.a.c.c.C.[Tomcat].[localhost].[/]       : Initializing Spring DispatcherServlet 'dispatcherServlet'
2021-02-03 21:51:29.877  INFO 21752 --- [o-auto-1-exec-1] o.s.web.servlet.DispatcherServlet        : Initializing Servlet 'dispatcherServlet'
2021-02-03 21:51:29.878  INFO 21752 --- [o-auto-1-exec-1] o.s.web.servlet.DispatcherServlet        : Completed initialization in 1 ms
Hibernate: select posts0_.id as id1_0_, posts0_.created_date as created_2_0_, posts0_.modified_date as modified3_0_, posts0_.author as author4_0_, posts0_.content as content5_0_, posts0_.title as title6_0_ from posts posts0_ order by posts0_.id DESC
]]></system-out>
  <system-err><![CDATA[]]></system-err>
</testsuite>
